<?xml version="1.0" encoding="UTF-8"?>
<coverage generated="1648697896262" clover="3.2.0">
  <project timestamp="1648697896262" name="All files">
    <metrics statements="37" coveredstatements="37" conditionals="8" coveredconditionals="8" methods="15" coveredmethods="15" elements="60" coveredelements="60" complexity="0" loc="37" ncloc="37" packages="2" files="4" classes="4"/>
    <package name="Header">
      <metrics statements="5" coveredstatements="5" conditionals="0" coveredconditionals="0" methods="1" coveredmethods="1"/>
      <file name="index.tsx" path="/Users/terremoto/Desktop/notes/notes-typescript-test/src/components/Header/index.tsx">
        <metrics statements="3" coveredstatements="3" conditionals="0" coveredconditionals="0" methods="1" coveredmethods="1"/>
        <line num="1" count="1" type="stmt"/>
        <line num="3" count="1" type="stmt"/>
        <line num="4" count="1" type="stmt"/>
      </file>
      <file name="styles.ts" path="/Users/terremoto/Desktop/notes/notes-typescript-test/src/components/Header/styles.ts">
        <metrics statements="2" coveredstatements="2" conditionals="0" coveredconditionals="0" methods="0" coveredmethods="0"/>
        <line num="1" count="1" type="stmt"/>
        <line num="3" count="1" type="stmt"/>
      </file>
    </package>
    <package name="TaskList">
      <metrics statements="32" coveredstatements="32" conditionals="8" coveredconditionals="8" methods="14" coveredmethods="14"/>
      <file name="index.tsx" path="/Users/terremoto/Desktop/notes/notes-typescript-test/src/components/TaskList/index.tsx">
        <metrics statements="29" coveredstatements="29" conditionals="8" coveredconditionals="8" methods="14" coveredmethods="14"/>
        <line num="1" count="1" type="stmt"/>
        <line num="2" count="1" type="stmt"/>
        <line num="3" count="1" type="stmt"/>
        <line num="6" count="1" type="stmt"/>
        <line num="12" count="1" type="stmt"/>
        <line num="13" count="23" type="stmt"/>
        <line num="14" count="23" type="stmt"/>
        <line num="15" count="23" type="stmt"/>
        <line num="16" count="23" type="stmt"/>
        <line num="20" count="8" type="cond" truecount="1" falsecount="0"/>
        <line num="21" count="7" type="stmt"/>
        <line num="23" count="7" type="stmt"/>
        <line num="29" count="7" type="stmt"/>
        <line num="30" count="7" type="stmt"/>
        <line num="31" count="7" type="stmt"/>
        <line num="35" count="1" type="cond" truecount="1" falsecount="0"/>
        <line num="36" count="1" type="stmt"/>
        <line num="41" count="3" type="cond" truecount="2" falsecount="0"/>
        <line num="42" count="1" type="stmt"/>
        <line num="46" count="2" type="stmt"/>
        <line num="47" count="1" type="stmt"/>
        <line num="51" count="23" type="stmt"/>
        <line num="52" count="6" type="stmt"/>
        <line num="55" count="23" type="stmt"/>
        <line num="64" count="8" type="stmt"/>
        <line num="65" count="1" type="stmt"/>
        <line num="80" count="36" type="stmt"/>
        <line num="85" count="1" type="stmt"/>
        <line num="91" count="1" type="stmt"/>
      </file>
      <file name="styles.ts" path="/Users/terremoto/Desktop/notes/notes-typescript-test/src/components/TaskList/styles.ts">
        <metrics statements="3" coveredstatements="3" conditionals="0" coveredconditionals="0" methods="0" coveredmethods="0"/>
        <line num="1" count="1" type="stmt"/>
        <line num="3" count="1" type="stmt"/>
        <line num="37" count="1" type="stmt"/>
      </file>
    </package>
  </project>
</coverage>
