{"/Users/terremoto/Desktop/notes/notes-typescript-test/src/components/Header/index.tsx": {"path":"/Users/terremoto/Desktop/notes/notes-typescript-test/src/components/Header/index.tsx","statementMap":{"0":{"start":{"line":1,"column":0},"end":{"line":1,"column":33}},"1":{"start":{"line":4,"column":2},"end":{"line":8,"column":null}},"2":{"start":{"line":3,"column":0},"end":{"line":3,"column":16}}},"fnMap":{"0":{"name":"Header","decl":{"start":{"line":3,"column":16},"end":{"line":3,"column":22}},"loc":{"start":{"line":3,"column":22},"end":{"line":9,"column":1}}}},"branchMap":{},"s":{"0":1,"1":1,"2":1},"f":{"0":1},"b":{}}
,"/Users/terremoto/Desktop/notes/notes-typescript-test/src/components/Header/styles.ts": {"path":"/Users/terremoto/Desktop/notes/notes-typescript-test/src/components/Header/styles.ts","statementMap":{"0":{"start":{"line":1,"column":0},"end":{"line":1,"column":39}},"1":{"start":{"line":3,"column":13},"end":{"line":7,"column":2}}},"fnMap":{},"branchMap":{},"s":{"0":1,"1":1},"f":{},"b":{}}
,"/Users/terremoto/Desktop/notes/notes-typescript-test/src/components/TaskList/index.tsx": {"path":"/Users/terremoto/Desktop/notes/notes-typescript-test/src/components/TaskList/index.tsx","statementMap":{"0":{"start":{"line":1,"column":0},"end":{"line":1,"column":52}},"1":{"start":{"line":2,"column":0},"end":{"line":2,"column":62}},"2":{"start":{"line":3,"column":0},"end":{"line":3,"column":41}},"3":{"start":{"line":6,"column":20},"end":{"line":10,"column":null}},"4":{"start":{"line":13,"column":28},"end":{"line":13,"column":63}},"5":{"start":{"line":14,"column":42},"end":{"line":14,"column":54}},"6":{"start":{"line":15,"column":22},"end":{"line":15,"column":33}},"7":{"start":{"line":16,"column":16},"end":{"line":16,"column":33}},"8":{"start":{"line":20,"column":4},"end":{"line":20,"column":43}},"9":{"start":{"line":20,"column":36},"end":{"line":20,"column":43}},"10":{"start":{"line":21,"column":4},"end":{"line":21,"column":18}},"11":{"start":{"line":23,"column":20},"end":{"line":27,"column":6}},"12":{"start":{"line":29,"column":4},"end":{"line":29,"column":51}},"13":{"start":{"line":29,"column":26},"end":{"line":29,"column":49}},"14":{"start":{"line":30,"column":4},"end":{"line":30,"column":24}},"15":{"start":{"line":31,"column":4},"end":{"line":31,"column":26}},"16":{"start":{"line":35,"column":4},"end":{"line":37,"column":null}},"17":{"start":{"line":36,"column":6},"end":{"line":36,"column":28}},"18":{"start":{"line":41,"column":21},"end":{"line":41,"column":105}},"19":{"start":{"line":41,"column":39},"end":{"line":41,"column":104}},"20":{"start":{"line":42,"column":4},"end":{"line":42,"column":23}},"21":{"start":{"line":46,"column":26},"end":{"line":46,"column":62}},"22":{"start":{"line":46,"column":47},"end":{"line":46,"column":61}},"23":{"start":{"line":47,"column":4},"end":{"line":47,"column":28}},"24":{"start":{"line":51,"column":2},"end":{"line":53,"column":9}},"25":{"start":{"line":52,"column":4},"end":{"line":52,"column":26}},"26":{"start":{"line":55,"column":2},"end":{"line":101,"column":4}},"27":{"start":{"line":64,"column":29},"end":{"line":64,"column":60}},"28":{"start":{"line":65,"column":31},"end":{"line":65,"column":51}},"29":{"start":{"line":80,"column":12},"end":{"line":80,"column":null}},"30":{"start":{"line":85,"column":35},"end":{"line":85,"column":70}},"31":{"start":{"line":91,"column":84},"end":{"line":91,"column":109}},"32":{"start":{"line":12,"column":0},"end":{"line":12,"column":16}}},"fnMap":{"0":{"name":"TaskList","decl":{"start":{"line":12,"column":16},"end":{"line":12,"column":24}},"loc":{"start":{"line":12,"column":24},"end":{"line":102,"column":1}}},"1":{"name":"handleCreateNewTask","decl":{"start":{"line":19,"column":11},"end":{"line":19,"column":30}},"loc":{"start":{"line":19,"column":30},"end":{"line":32,"column":3}}},"2":{"name":"(anonymous_2)","decl":{"start":{"line":29,"column":13},"end":{"line":29,"column":22}},"loc":{"start":{"line":29,"column":26},"end":{"line":29,"column":49}}},"3":{"name":"handleEnterSubmit","decl":{"start":{"line":34,"column":11},"end":{"line":34,"column":28}},"loc":{"start":{"line":34,"column":35},"end":{"line":38,"column":3}}},"4":{"name":"handleToggleTaskCompletion","decl":{"start":{"line":40,"column":11},"end":{"line":40,"column":37}},"loc":{"start":{"line":40,"column":48},"end":{"line":43,"column":3}}},"5":{"name":"(anonymous_5)","decl":{"start":{"line":41,"column":31},"end":{"line":41,"column":35}},"loc":{"start":{"line":41,"column":39},"end":{"line":41,"column":104}}},"6":{"name":"handleRemoveTask","decl":{"start":{"line":45,"column":11},"end":{"line":45,"column":27}},"loc":{"start":{"line":45,"column":38},"end":{"line":48,"column":3}}},"7":{"name":"(anonymous_7)","decl":{"start":{"line":46,"column":39},"end":{"line":46,"column":43}},"loc":{"start":{"line":46,"column":47},"end":{"line":46,"column":61}}},"8":{"name":"(anonymous_8)","decl":{"start":{"line":51,"column":12},"end":{"line":51,"column":15}},"loc":{"start":{"line":51,"column":17},"end":{"line":53,"column":3}}},"9":{"name":"(anonymous_9)","decl":{"start":{"line":64,"column":22},"end":{"line":64,"column":23}},"loc":{"start":{"line":64,"column":29},"end":{"line":64,"column":60}}},"10":{"name":"(anonymous_10)","decl":{"start":{"line":65,"column":24},"end":{"line":65,"column":25}},"loc":{"start":{"line":65,"column":31},"end":{"line":65,"column":51}}},"11":{"name":"(anonymous_11)","decl":{"start":{"line":78,"column":21},"end":{"line":78,"column":25}},"loc":{"start":{"line":80,"column":12},"end":{"line":80,"column":null}}},"12":{"name":"(anonymous_12)","decl":{"start":{"line":85,"column":29},"end":{"line":85,"column":32}},"loc":{"start":{"line":85,"column":35},"end":{"line":85,"column":70}}},"13":{"name":"(anonymous_13)","decl":{"start":{"line":91,"column":78},"end":{"line":91,"column":81}},"loc":{"start":{"line":91,"column":84},"end":{"line":91,"column":109}}}},"branchMap":{"0":{"loc":{"start":{"line":20,"column":4},"end":{"line":20,"column":43}},"type":"if","locations":[{"start":{"line":20,"column":4},"end":{"line":20,"column":43}}]},"1":{"loc":{"start":{"line":35,"column":4},"end":{"line":37,"column":null}},"type":"if","locations":[{"start":{"line":35,"column":4},"end":{"line":37,"column":null}}]},"2":{"loc":{"start":{"line":41,"column":39},"end":{"line":41,"column":104}},"type":"cond-expr","locations":[{"start":{"line":41,"column":56},"end":{"line":41,"column":97}},{"start":{"line":41,"column":100},"end":{"line":41,"column":104}}]},"3":{"loc":{"start":{"line":73,"column":9},"end":{"line":73,"column":74}},"type":"binary-expr","locations":[{"start":{"line":73,"column":9},"end":{"line":73,"column":36}},{"start":{"line":73,"column":40},"end":{"line":73,"column":74}}]},"4":{"loc":{"start":{"line":81,"column":34},"end":{"line":81,"column":68}},"type":"cond-expr","locations":[{"start":{"line":81,"column":52},"end":{"line":81,"column":63}},{"start":{"line":81,"column":66},"end":{"line":81,"column":68}}]}},"s":{"0":1,"1":1,"2":1,"3":1,"4":23,"5":23,"6":23,"7":23,"8":8,"9":1,"10":7,"11":7,"12":7,"13":7,"14":7,"15":7,"16":1,"17":1,"18":1,"19":3,"20":1,"21":1,"22":2,"23":1,"24":23,"25":6,"26":23,"27":8,"28":1,"29":36,"30":1,"31":1,"32":1},"f":{"0":23,"1":8,"2":7,"3":1,"4":1,"5":3,"6":1,"7":2,"8":6,"9":8,"10":1,"11":36,"12":1,"13":1},"b":{"0":[1],"1":[1],"2":[1,2],"3":[23,1],"4":[1,35]}}
,"/Users/terremoto/Desktop/notes/notes-typescript-test/src/components/TaskList/styles.ts": {"path":"/Users/terremoto/Desktop/notes/notes-typescript-test/src/components/TaskList/styles.ts","statementMap":{"0":{"start":{"line":1,"column":0},"end":{"line":1,"column":39}},"1":{"start":{"line":3,"column":13},"end":{"line":35,"column":2}},"2":{"start":{"line":37,"column":13},"end":{"line":80,"column":2}}},"fnMap":{},"branchMap":{},"s":{"0":1,"1":1,"2":1},"f":{},"b":{}}
}
