{"/Users/terremoto/Desktop/notes/notes-typescript-test/src/components/Header/index.tsx": {"path":"/Users/terremoto/Desktop/notes/notes-typescript-test/src/components/Header/index.tsx","statementMap":{"0":{"start":{"line":1,"column":0},"end":{"line":1,"column":33}},"1":{"start":{"line":4,"column":2},"end":{"line":8,"column":null}},"2":{"start":{"line":3,"column":0},"end":{"line":3,"column":16}}},"fnMap":{"0":{"name":"Header","decl":{"start":{"line":3,"column":16},"end":{"line":3,"column":22}},"loc":{"start":{"line":3,"column":22},"end":{"line":9,"column":1}}}},"branchMap":{},"s":{"0":1,"1":1,"2":1},"f":{"0":1},"b":{}}
,"/Users/terremoto/Desktop/notes/notes-typescript-test/src/components/Header/styles.ts": {"path":"/Users/terremoto/Desktop/notes/notes-typescript-test/src/components/Header/styles.ts","statementMap":{"0":{"start":{"line":1,"column":0},"end":{"line":1,"column":39}},"1":{"start":{"line":3,"column":13},"end":{"line":7,"column":2}}},"fnMap":{},"branchMap":{},"s":{"0":1,"1":1},"f":{},"b":{}}
,"/Users/terremoto/Desktop/notes/notes-typescript-test/src/components/TaskList/index.tsx": {"path":"/Users/terremoto/Desktop/notes/notes-typescript-test/src/components/TaskList/index.tsx","statementMap":{"0":{"start":{"line":1,"column":0},"end":{"line":1,"column":52}},"1":{"start":{"line":2,"column":0},"end":{"line":2,"column":62}},"2":{"start":{"line":3,"column":0},"end":{"line":3,"column":40}},"3":{"start":{"line":12,"column":28},"end":{"line":12,"column":48}},"4":{"start":{"line":13,"column":42},"end":{"line":13,"column":54}},"5":{"start":{"line":14,"column":22},"end":{"line":14,"column":33}},"6":{"start":{"line":15,"column":16},"end":{"line":15,"column":33}},"7":{"start":{"line":19,"column":4},"end":{"line":19,"column":43}},"8":{"start":{"line":19,"column":36},"end":{"line":19,"column":43}},"9":{"start":{"line":20,"column":4},"end":{"line":20,"column":18}},"10":{"start":{"line":22,"column":20},"end":{"line":26,"column":6}},"11":{"start":{"line":28,"column":4},"end":{"line":28,"column":51}},"12":{"start":{"line":28,"column":26},"end":{"line":28,"column":49}},"13":{"start":{"line":29,"column":4},"end":{"line":29,"column":24}},"14":{"start":{"line":30,"column":4},"end":{"line":30,"column":26}},"15":{"start":{"line":34,"column":4},"end":{"line":36,"column":null}},"16":{"start":{"line":35,"column":6},"end":{"line":35,"column":28}},"17":{"start":{"line":40,"column":21},"end":{"line":40,"column":105}},"18":{"start":{"line":40,"column":39},"end":{"line":40,"column":104}},"19":{"start":{"line":41,"column":4},"end":{"line":41,"column":23}},"20":{"start":{"line":45,"column":26},"end":{"line":45,"column":62}},"21":{"start":{"line":45,"column":47},"end":{"line":45,"column":61}},"22":{"start":{"line":46,"column":4},"end":{"line":46,"column":28}},"23":{"start":{"line":49,"column":2},"end":{"line":51,"column":9}},"24":{"start":{"line":50,"column":4},"end":{"line":50,"column":26}},"25":{"start":{"line":53,"column":2},"end":{"line":97,"column":4}},"26":{"start":{"line":62,"column":29},"end":{"line":62,"column":60}},"27":{"start":{"line":63,"column":31},"end":{"line":63,"column":51}},"28":{"start":{"line":76,"column":12},"end":{"line":76,"column":null}},"29":{"start":{"line":81,"column":35},"end":{"line":81,"column":70}},"30":{"start":{"line":87,"column":84},"end":{"line":87,"column":109}},"31":{"start":{"line":11,"column":0},"end":{"line":11,"column":16}}},"fnMap":{"0":{"name":"TaskList","decl":{"start":{"line":11,"column":16},"end":{"line":11,"column":24}},"loc":{"start":{"line":11,"column":24},"end":{"line":98,"column":1}}},"1":{"name":"handleCreateNewTask","decl":{"start":{"line":18,"column":11},"end":{"line":18,"column":30}},"loc":{"start":{"line":18,"column":30},"end":{"line":31,"column":3}}},"2":{"name":"(anonymous_2)","decl":{"start":{"line":28,"column":13},"end":{"line":28,"column":22}},"loc":{"start":{"line":28,"column":26},"end":{"line":28,"column":49}}},"3":{"name":"handleEnterSubmit","decl":{"start":{"line":33,"column":11},"end":{"line":33,"column":28}},"loc":{"start":{"line":33,"column":35},"end":{"line":37,"column":3}}},"4":{"name":"handleToggleTaskCompletion","decl":{"start":{"line":39,"column":11},"end":{"line":39,"column":37}},"loc":{"start":{"line":39,"column":48},"end":{"line":42,"column":3}}},"5":{"name":"(anonymous_5)","decl":{"start":{"line":40,"column":31},"end":{"line":40,"column":35}},"loc":{"start":{"line":40,"column":39},"end":{"line":40,"column":104}}},"6":{"name":"handleRemoveTask","decl":{"start":{"line":44,"column":11},"end":{"line":44,"column":27}},"loc":{"start":{"line":44,"column":38},"end":{"line":47,"column":3}}},"7":{"name":"(anonymous_7)","decl":{"start":{"line":45,"column":39},"end":{"line":45,"column":43}},"loc":{"start":{"line":45,"column":47},"end":{"line":45,"column":61}}},"8":{"name":"(anonymous_8)","decl":{"start":{"line":49,"column":12},"end":{"line":49,"column":15}},"loc":{"start":{"line":49,"column":17},"end":{"line":51,"column":3}}},"9":{"name":"(anonymous_9)","decl":{"start":{"line":62,"column":22},"end":{"line":62,"column":23}},"loc":{"start":{"line":62,"column":29},"end":{"line":62,"column":60}}},"10":{"name":"(anonymous_10)","decl":{"start":{"line":63,"column":24},"end":{"line":63,"column":25}},"loc":{"start":{"line":63,"column":31},"end":{"line":63,"column":51}}},"11":{"name":"(anonymous_11)","decl":{"start":{"line":74,"column":21},"end":{"line":74,"column":25}},"loc":{"start":{"line":76,"column":12},"end":{"line":76,"column":null}}},"12":{"name":"(anonymous_12)","decl":{"start":{"line":81,"column":29},"end":{"line":81,"column":32}},"loc":{"start":{"line":81,"column":35},"end":{"line":81,"column":70}}},"13":{"name":"(anonymous_13)","decl":{"start":{"line":87,"column":78},"end":{"line":87,"column":81}},"loc":{"start":{"line":87,"column":84},"end":{"line":87,"column":109}}}},"branchMap":{"0":{"loc":{"start":{"line":19,"column":4},"end":{"line":19,"column":43}},"type":"if","locations":[{"start":{"line":19,"column":4},"end":{"line":19,"column":43}}]},"1":{"loc":{"start":{"line":34,"column":4},"end":{"line":36,"column":null}},"type":"if","locations":[{"start":{"line":34,"column":4},"end":{"line":36,"column":null}}]},"2":{"loc":{"start":{"line":40,"column":39},"end":{"line":40,"column":104}},"type":"cond-expr","locations":[{"start":{"line":40,"column":56},"end":{"line":40,"column":97}},{"start":{"line":40,"column":100},"end":{"line":40,"column":104}}]},"3":{"loc":{"start":{"line":77,"column":34},"end":{"line":77,"column":68}},"type":"cond-expr","locations":[{"start":{"line":77,"column":52},"end":{"line":77,"column":63}},{"start":{"line":77,"column":66},"end":{"line":77,"column":68}}]}},"s":{"0":1,"1":1,"2":1,"3":20,"4":20,"5":20,"6":20,"7":8,"8":1,"9":7,"10":7,"11":7,"12":7,"13":7,"14":7,"15":0,"16":0,"17":1,"18":2,"19":1,"20":1,"21":2,"22":1,"23":20,"24":4,"25":20,"26":7,"27":0,"28":16,"29":1,"30":1,"31":1},"f":{"0":20,"1":8,"2":7,"3":0,"4":1,"5":2,"6":1,"7":2,"8":4,"9":7,"10":0,"11":16,"12":1,"13":1},"b":{"0":[1],"1":[0],"2":[1,1],"3":[1,15]}}
,"/Users/terremoto/Desktop/notes/notes-typescript-test/src/components/TaskList/styles.ts": {"path":"/Users/terremoto/Desktop/notes/notes-typescript-test/src/components/TaskList/styles.ts","statementMap":{"0":{"start":{"line":1,"column":0},"end":{"line":1,"column":39}},"1":{"start":{"line":3,"column":13},"end":{"line":30,"column":2}},"2":{"start":{"line":32,"column":13},"end":{"line":75,"column":2}}},"fnMap":{},"branchMap":{},"s":{"0":1,"1":1,"2":1},"f":{},"b":{}}
}
