TN:
SF:src/components/Header/index.tsx
FN:3,Header
FNF:1
FNH:1
FNDA:1,Header
DA:1,1
DA:3,1
DA:4,1
LF:3
LH:3
BRF:0
BRH:0
end_of_record
TN:
SF:src/components/Header/styles.ts
FNF:0
FNH:0
DA:1,1
DA:3,1
LF:2
LH:2
BRF:0
BRH:0
end_of_record
TN:
SF:src/components/TaskList/index.tsx
FN:12,TaskList
FN:19,handleCreateNewTask
FN:29,(anonymous_2)
FN:34,handleEnterSubmit
FN:40,handleToggleTaskCompletion
FN:41,(anonymous_5)
FN:45,handleRemoveTask
FN:46,(anonymous_7)
FN:51,(anonymous_8)
FN:64,(anonymous_9)
FN:65,(anonymous_10)
FN:78,(anonymous_11)
FN:85,(anonymous_12)
FN:91,(anonymous_13)
FNF:14
FNH:14
FNDA:23,TaskList
FNDA:8,handleCreateNewTask
FNDA:7,(anonymous_2)
FNDA:1,handleEnterSubmit
FNDA:1,handleToggleTaskCompletion
FNDA:3,(anonymous_5)
FNDA:1,handleRemoveTask
FNDA:2,(anonymous_7)
FNDA:6,(anonymous_8)
FNDA:8,(anonymous_9)
FNDA:1,(anonymous_10)
FNDA:36,(anonymous_11)
FNDA:1,(anonymous_12)
FNDA:1,(anonymous_13)
DA:1,1
DA:2,1
DA:3,1
DA:6,1
DA:12,1
DA:13,23
DA:14,23
DA:15,23
DA:16,23
DA:20,8
DA:21,7
DA:23,7
DA:29,7
DA:30,7
DA:31,7
DA:35,1
DA:36,1
DA:41,3
DA:42,1
DA:46,2
DA:47,1
DA:51,23
DA:52,6
DA:55,23
DA:64,8
DA:65,1
DA:80,36
DA:85,1
DA:91,1
LF:29
LH:29
BRDA:20,0,0,1
BRDA:35,1,0,1
BRDA:41,2,0,1
BRDA:41,2,1,2
BRDA:73,3,0,23
BRDA:73,3,1,1
BRDA:81,4,0,1
BRDA:81,4,1,35
BRF:8
BRH:8
end_of_record
TN:
SF:src/components/TaskList/styles.ts
FNF:0
FNH:0
DA:1,1
DA:3,1
DA:37,1
LF:3
LH:3
BRF:0
BRH:0
end_of_record
