TN:
SF:src/components/Header/index.tsx
FN:3,Header
FNF:1
FNH:1
FNDA:1,Header
DA:1,1
DA:3,1
DA:4,1
LF:3
LH:3
BRF:0
BRH:0
end_of_record
TN:
SF:src/components/Header/styles.ts
FNF:0
FNH:0
DA:1,1
DA:3,1
LF:2
LH:2
BRF:0
BRH:0
end_of_record
TN:
SF:src/components/TaskList/index.tsx
FN:11,TaskList
FN:18,handleCreateNewTask
FN:28,(anonymous_2)
FN:33,handleEnterSubmit
FN:39,handleToggleTaskCompletion
FN:40,(anonymous_5)
FN:44,handleRemoveTask
FN:45,(anonymous_7)
FN:49,(anonymous_8)
FN:62,(anonymous_9)
FN:63,(anonymous_10)
FN:74,(anonymous_11)
FN:81,(anonymous_12)
FN:87,(anonymous_13)
FNF:14
FNH:12
FNDA:20,TaskList
FNDA:8,handleCreateNewTask
FNDA:7,(anonymous_2)
FNDA:0,handleEnterSubmit
FNDA:1,handleToggleTaskCompletion
FNDA:2,(anonymous_5)
FNDA:1,handleRemoveTask
FNDA:2,(anonymous_7)
FNDA:4,(anonymous_8)
FNDA:7,(anonymous_9)
FNDA:0,(anonymous_10)
FNDA:16,(anonymous_11)
FNDA:1,(anonymous_12)
FNDA:1,(anonymous_13)
DA:1,1
DA:2,1
DA:3,1
DA:11,1
DA:12,20
DA:13,20
DA:14,20
DA:15,20
DA:19,8
DA:20,7
DA:22,7
DA:28,7
DA:29,7
DA:30,7
DA:34,0
DA:35,0
DA:40,2
DA:41,1
DA:45,2
DA:46,1
DA:49,20
DA:50,4
DA:53,20
DA:62,7
DA:63,0
DA:76,16
DA:81,1
DA:87,1
LF:28
LH:25
BRDA:19,0,0,1
BRDA:34,1,0,0
BRDA:40,2,0,1
BRDA:40,2,1,1
BRDA:77,3,0,1
BRDA:77,3,1,15
BRF:6
BRH:5
end_of_record
TN:
SF:src/components/TaskList/styles.ts
FNF:0
FNH:0
DA:1,1
DA:3,1
DA:32,1
LF:3
LH:3
BRF:0
BRH:0
end_of_record
